


ARM Macro Assembler    Page 1 


    1 00000000         ;/******************************************************
                       ********************//**
    2 00000000         ; * @file     startup_MB9BF50x.s
    3 00000000         ; * @brief    CMSIS Cortex-M0 Device Peripheral Access L
                       ayer Source File
    4 00000000         ; *           for the Fujitsu MB9BF50x Device Series
    5 00000000         ; * @version  V1.02
    6 00000000         ; * @date     21. December 2010
    7 00000000         ; *------- <<< Use Configuration Wizard in Context Menu 
                       >>> ------------------
    8 00000000         ; *
    9 00000000         ; * @note
   10 00000000         ; * Copyright (C) 2010 ARM Limited. All rights reserved.
                       
   11 00000000         ; *
   12 00000000         ; * @par
   13 00000000         ; * ARM Limited (ARM) is supplying this software for use
                        with Cortex-M 
   14 00000000         ; * processor based microcontrollers.  This file can be 
                       freely distributed 
   15 00000000         ; * within development tools that are supporting such AR
                       M based processors. 
   16 00000000         ; *
   17 00000000         ; * @par
   18 00000000         ; * THIS SOFTWARE IS PROVIDED "AS IS".  NO WARRANTIES, W
                       HETHER EXPRESS, IMPLIED
   19 00000000         ; * OR STATUTORY, INCLUDING, BUT NOT LIMITED TO, IMPLIED
                        WARRANTIES OF
   20 00000000         ; * MERCHANTABILITY AND FITNESS FOR A PARTICULAR PURPOSE
                        APPLY TO THIS SOFTWARE.
   21 00000000         ; * ARM SHALL NOT, IN ANY CIRCUMSTANCES, BE LIABLE FOR S
                       PECIAL, INCIDENTAL, OR
   22 00000000         ; * CONSEQUENTIAL DAMAGES, FOR ANY REASON WHATSOEVER.
   23 00000000         ; *
   24 00000000         ; ******************************************************
                       ************************/
   25 00000000         
   26 00000000         
   27 00000000         ; <h> Stack Configuration
   28 00000000         ;   <o> Stack Size (in Bytes) <0x0-0xFFFFFFFF:8>
   29 00000000         ; </h>
   30 00000000         
   31 00000000 00000400 
                       Stack_Size
                               EQU              0x00000400
   32 00000000         
   33 00000000                 AREA             STACK, NOINIT, READWRITE, ALIGN
=3
   34 00000000         Stack_Mem
                               SPACE            Stack_Size
   35 00000400         __initial_sp
   36 00000400         
   37 00000400         
   38 00000400         ; <h> Heap Configuration
   39 00000400         ;   <o>  Heap Size (in Bytes) <0x0-0xFFFFFFFF:8>
   40 00000400         ; </h>
   41 00000400         
   42 00000400 00000200 
                       Heap_Size



ARM Macro Assembler    Page 2 


                               EQU              0x00000200
   43 00000400         
   44 00000400                 AREA             HEAP, NOINIT, READWRITE, ALIGN=
3
   45 00000000         __heap_base
   46 00000000         Heap_Mem
                               SPACE            Heap_Size
   47 00000200         __heap_limit
   48 00000200         
   49 00000200         
   50 00000200                 PRESERVE8
   51 00000200                 THUMB
   52 00000200         
   53 00000200         
   54 00000200         ; Vector Table Mapped to Address 0 at Reset
   55 00000200         
   56 00000200                 AREA             RESET, DATA, READONLY
   57 00000000                 EXPORT           __Vectors
   58 00000000         
   59 00000000 00000000 
                       __Vectors
                               DCD              __initial_sp ; Top of Stack
   60 00000004 00000000        DCD              Reset_Handler ; Reset Handler
   61 00000008 00000000        DCD              NMI_Handler ; NMI Handler
   62 0000000C 00000000        DCD              HardFault_Handler ; Hard Fault 
                                                            Handler
   63 00000010 00000000        DCD              MemManage_Handler 
                                                            ; MPU Fault Handler
                                                            
   64 00000014 00000000        DCD              BusFault_Handler 
                                                            ; Bus Fault Handler
                                                            
   65 00000018 00000000        DCD              UsageFault_Handler ; Usage Faul
                                                            t Handler
   66 0000001C 00000000        DCD              0           ; Reserved
   67 00000020 00000000        DCD              0           ; Reserved
   68 00000024 00000000        DCD              0           ; Reserved
   69 00000028 00000000        DCD              0           ; Reserved
   70 0000002C 00000000        DCD              SVC_Handler ; SVCall Handler
   71 00000030 00000000        DCD              DebugMon_Handler ; Debug Monito
                                                            r Handler
   72 00000034 00000000        DCD              0           ; Reserved
   73 00000038         ;DCD     PendSV_Handler             ; PendSV Handler
   74 00000038                 IMPORT           OS_CPU_PendSVHandler
   75 00000038 00000000        DCD              OS_CPU_PendSVHandler
   76 0000003C         ;DCD     SysTick_Handler            ; SysTick Handler
   77 0000003C                 IMPORT           OS_CPU_SysTickHandler
   78 0000003C 00000000        DCD              OS_CPU_SysTickHandler
   79 00000040         
   80 00000040         ; External Interrupts
   81 00000040 00000000        DCD              FCS_IRQHandler ; 16+ 0: Anomalo
                                                            us Frequency Detect
                                                            ion by Clock Superv
                                                            isor (FCS)
   82 00000044 00000000        DCD              SWWDT_IRQHandler ; 16+ 1: Softw
                                                            are Watchdog Timer
   83 00000048 00000000        DCD              LVD_IRQHandler ; 16+ 2: Low Vol
                                                            tage Detector (LVD)
                                                            



ARM Macro Assembler    Page 3 


   84 0000004C 00000000        DCD              MFT_WFG_IRQHandler ; 16+ 3: MFT
                                                             unit0, unit1 Wave 
                                                            Form Generator / DT
                                                            IF(Motor Emergency 
                                                            Stop)
   85 00000050 00000000        DCD              EXTI7_0_IRQHandler ; 16+ 4: Ext
                                                            ernal INT_RQ ch.0 t
                                                            o ch.7
   86 00000054 00000000        DCD              EXTI15_8_IRQHandler ; 16+ 5: Ex
                                                            ternal INT_RQ ch.8 
                                                            to ch.15
   87 00000058         ; DCD     TIM_QPRC_IRQHandler       ; 16+ 6: Dual Timer 
                       / Quadrature Position/Resolution Counter (QPRC) ch.0, ch
                       .1
   88 00000058                 IMPORT           DT_QDU_IRQHandler
   89 00000058 00000000        DCD              DT_QDU_IRQHandler
   90 0000005C 00000000        DCD              MFS0_R_IRQHandler ; 16+ 7: Rece
                                                            ption INT_RQ of MFS
                                                             IF ch.0
   91 00000060 00000000        DCD              MFS0_TS_IRQHandler ; 16+ 8: Tra
                                                            nsmission INT_RQ an
                                                            d Status INT_RQ of 
                                                            MFS IF ch.0
   92 00000064 00000000        DCD              MFS1_R_IRQHandler ; 16+ 9: Rece
                                                            ption INT_RQ of MFS
                                                             IF ch.1
   93 00000068 00000000        DCD              MFS1_TS_IRQHandler ; 16+10: Tra
                                                            nsmission INT_RQ an
                                                            d Status INT_RQ of 
                                                            MFS IF ch.1
   94 0000006C 00000000        DCD              FMS2_R_IRQHandler ; 16+11: Rece
                                                            ption INT_RQ of MFA
                                                             IF ch.2
   95 00000070 00000000        DCD              MFS2_TS_IRQHandler ; 16+12: Tra
                                                            nsmission INT_RQ an
                                                            d Status INT_RQ of 
                                                            MFS IF ch.2
   96 00000074 00000000        DCD              MFS3_R_IRQHandler ; 16+13: Rece
                                                            ption INT_RQ of MFS
                                                             IF ch.3
   97 00000078 00000000        DCD              MFS3_TS_IRQHandler ; 16+14: Tra
                                                            nsmission INT_RQ an
                                                            d Status INT_RQ of 
                                                            MFS IF ch.3
   98 0000007C 00000000        DCD              MFS4_R_IRQHandler ; 16+15: Rece
                                                            ption INT_RQ of MFS
                                                             IF ch.4
   99 00000080 00000000        DCD              MFS4_TS_IRQHandler ; 16+16: Tra
                                                            nsmission INT_RQ an
                                                            d Status INT_RQ of 
                                                            MFS IF ch.4
  100 00000084 00000000        DCD              MFS5_R_IRQHandler ; 16+17: Rece
                                                            ption INT_RQ of MFS
                                                             IF ch.5
  101 00000088 00000000        DCD              MFS5_TS_IRQHandler ; 16+18: Tra
                                                            nsmission INT_RQ an
                                                            d Status INT_RQ of 
                                                            MFS IF ch.5
  102 0000008C 00000000        DCD              MFS6_R_IRQHandler ; 16+19: Rece



ARM Macro Assembler    Page 4 


                                                            ption INT_RQ of MFS
                                                             IF ch.6
  103 00000090 00000000        DCD              MFS6_TS_IRQHandler ; 16+20: Tra
                                                            nsmission INT_RQ an
                                                            d Status INT_RQ of 
                                                            MFS IF ch.6
  104 00000094 00000000        DCD              MFS7_R_IRQHandler ; 16+21: Rece
                                                            ption INT_RQ of MFS
                                                             IF ch.7
  105 00000098 00000000        DCD              MFS7_TS_IRQHandler ; 16+22: Tra
                                                            nsmission INT_RQ an
                                                            d Status INT_RQ of 
                                                            MFS IF ch.7
  106 0000009C 00000000        DCD              PPG_IRQHandler ; 16+23: PPG ch.
                                                            0/2/4/8/10/12
  107 000000A0 00000000        DCD              OSC_PLL_WCNT_IRQHandler ; 16+24
                                                            : Ext. Main OSC / E
                                                            xt. Sub OSC / Main 
                                                            PLL / PLL for USB /
                                                             Watch CNT
  108 000000A4 00000000        DCD              ADC0_IRQHandler ; 16+25: A/D Co
                                                            nverter unit0
  109 000000A8 00000000        DCD              ADC1_IRQHandler ; 16+26: A/D Co
                                                            nverter unit1
  110 000000AC 00000000        DCD              ADC2_IRQHandler ; 16+27: A/D Co
                                                            nverter unit2
  111 000000B0 00000000        DCD              MFT_FRT_IRQHandler ; 16+28: MFT
                                                             unit0, unit1 Free-
                                                            run Timer
  112 000000B4 00000000        DCD              MFT_IC_IRQHandler ; 16+29: MFT 
                                                            unit0, unit1 Input 
                                                            Capture
  113 000000B8 00000000        DCD              MFT_OC_IRQHandler ; 16+30: MFT 
                                                            unit0, unit1 Output
                                                             Compare
  114 000000BC 00000000        DCD              BTIM_IRQHandler ; 16+31: Base T
                                                            imer ch.0 to ch.7
  115 000000C0 00000000        DCD              CAN0_IRQHandler 
                                                            ; 16+32: CAN ch.0
  116 000000C4 00000000        DCD              CAN1_IRQHandler 
                                                            ; 16+33: CAN ch.1
  117 000000C8 00000000        DCD              USB_EP1_EP5_IRQHandler ; 16+34:
                                                             USB Function (DRQ 
                                                            of End Point 1 to 5
                                                            )
  118 000000CC 00000000        DCD              USB_EP0_STA_IRQHandler ; 16+35:
                                                             USB Function (DRQI
                                                             of End Point 0, DR
                                                            QO) / USB HOST
  119 000000D0 00000000        DCD              0           ; 16+36: Reserved
  120 000000D4 00000000        DCD              0           ; 16+37: Reserved
  121 000000D8 00000000        DCD              DMA0_IRQHandler ; 16+38: DMA Co
                                                            ntroller (DMAC) ch.
                                                            0
  122 000000DC 00000000        DCD              DMA1_IRQHandler ; 16+39: DMA Co
                                                            ntroller (DMAC) ch.
                                                            1
  123 000000E0 00000000        DCD              DMA2_IRQHandler ; 16+40: DMA Co
                                                            ntroller (DMAC) ch.



ARM Macro Assembler    Page 5 


                                                            2
  124 000000E4 00000000        DCD              DMA3_IRQHandler ; 16+41: DMA Co
                                                            ntroller (DMAC) ch.
                                                            3
  125 000000E8 00000000        DCD              DMA4_IRQHandler ; 16+42: DMA Co
                                                            ntroller (DMAC) ch.
                                                            4
  126 000000EC 00000000        DCD              DMA5_IRQHandler ; 16+43: DMA Co
                                                            ntroller (DMAC) ch.
                                                            5
  127 000000F0 00000000        DCD              DMA6_IRQHandler ; 16+44: DMA Co
                                                            ntroller (DMAC) ch.
                                                            6
  128 000000F4 00000000        DCD              DMA7_IRQHandler ; 16+45: DMA Co
                                                            ntroller (DMAC) ch.
                                                            7
  129 000000F8 00000000        DCD              0           ; 16+46: Reserved
  130 000000FC 00000000        DCD              0           ; 16+47: Reserved
  131 00000100         
  132 00000100                 AREA             |.text|, CODE, READONLY
  133 00000000         
  134 00000000         
  135 00000000         ; Reset Handler
  136 00000000         
  137 00000000         Reset_Handler
                               PROC
  138 00000000                 EXPORT           Reset_Handler             [WEAK
]
  139 00000000                 IMPORT           SystemInit
  140 00000000                 IMPORT           __main
  141 00000000 4806            LDR              R0, =SystemInit
  142 00000002 4780            BLX              R0
  143 00000004 4806            LDR              R0, =__main
  144 00000006 4700            BX               R0
  145 00000008                 ENDP
  146 00000008         
  147 00000008         
  148 00000008         ; Dummy Exception Handlers (infinite loops which can be 
                       modified)
  149 00000008         
  150 00000008         NMI_Handler
                               PROC
  151 00000008                 EXPORT           NMI_Handler               [WEAK
]
  152 00000008 E7FE            B                .
  153 0000000A                 ENDP
  155 0000000A         HardFault_Handler
                               PROC
  156 0000000A                 EXPORT           HardFault_Handler         [WEAK
]
  157 0000000A E7FE            B                .
  158 0000000C                 ENDP
  160 0000000C         MemManage_Handler
                               PROC
  161 0000000C                 EXPORT           MemManage_Handler         [WEAK
]
  162 0000000C E7FE            B                .
  163 0000000E                 ENDP
  165 0000000E         BusFault_Handler



ARM Macro Assembler    Page 6 


                               PROC
  166 0000000E                 EXPORT           BusFault_Handler          [WEAK
]
  167 0000000E E7FE            B                .
  168 00000010                 ENDP
  170 00000010         UsageFault_Handler
                               PROC
  171 00000010                 EXPORT           UsageFault_Handler        [WEAK
]
  172 00000010 E7FE            B                .
  173 00000012                 ENDP
  174 00000012         SVC_Handler
                               PROC
  175 00000012                 EXPORT           SVC_Handler               [WEAK
]
  176 00000012 E7FE            B                .
  177 00000014                 ENDP
  179 00000014         DebugMon_Handler
                               PROC
  180 00000014                 EXPORT           DebugMon_Handler          [WEAK
]
  181 00000014 E7FE            B                .
  182 00000016                 ENDP
  183 00000016         PendSV_Handler
                               PROC
  184 00000016                 EXPORT           PendSV_Handler            [WEAK
]
  185 00000016 E7FE            B                .
  186 00000018                 ENDP
  187 00000018         SysTick_Handler
                               PROC
  188 00000018                 EXPORT           SysTick_Handler           [WEAK
]
  189 00000018 E7FE            B                .
  190 0000001A                 ENDP
  191 0000001A         
  192 0000001A         Default_Handler
                               PROC
  193 0000001A         
  194 0000001A                 EXPORT           FCS_IRQHandler            [WEAK
]
  195 0000001A                 EXPORT           SWWDT_IRQHandler          [WEAK
]
  196 0000001A                 EXPORT           LVD_IRQHandler            [WEAK
]
  197 0000001A                 EXPORT           MFT_WFG_IRQHandler        [WEAK
]
  198 0000001A                 EXPORT           EXTI7_0_IRQHandler        [WEAK
]
  199 0000001A                 EXPORT           EXTI15_8_IRQHandler       [WEAK
]
  200 0000001A                 EXPORT           TIM_QPRC_IRQHandler       [WEAK
]
  201 0000001A                 EXPORT           MFS0_R_IRQHandler         [WEAK
]
  202 0000001A                 EXPORT           MFS0_TS_IRQHandler        [WEAK
]
  203 0000001A                 EXPORT           MFS1_R_IRQHandler         [WEAK
]



ARM Macro Assembler    Page 7 


  204 0000001A                 EXPORT           MFS1_TS_IRQHandler        [WEAK
]
  205 0000001A                 EXPORT           FMS2_R_IRQHandler         [WEAK
]
  206 0000001A                 EXPORT           MFS2_TS_IRQHandler        [WEAK
]
  207 0000001A                 EXPORT           MFS3_R_IRQHandler         [WEAK
]
  208 0000001A                 EXPORT           MFS3_TS_IRQHandler        [WEAK
]
  209 0000001A                 EXPORT           MFS4_R_IRQHandler         [WEAK
]
  210 0000001A                 EXPORT           MFS4_TS_IRQHandler        [WEAK
]
  211 0000001A                 EXPORT           MFS5_R_IRQHandler         [WEAK
]
  212 0000001A                 EXPORT           MFS5_TS_IRQHandler        [WEAK
]
  213 0000001A                 EXPORT           MFS6_R_IRQHandler         [WEAK
]
  214 0000001A                 EXPORT           MFS6_TS_IRQHandler        [WEAK
]
  215 0000001A                 EXPORT           MFS7_R_IRQHandler         [WEAK
]
  216 0000001A                 EXPORT           MFS7_TS_IRQHandler        [WEAK
]
  217 0000001A                 EXPORT           PPG_IRQHandler            [WEAK
]
  218 0000001A                 EXPORT           OSC_PLL_WCNT_IRQHandler   [WEAK
]
  219 0000001A                 EXPORT           ADC0_IRQHandler           [WEAK
]
  220 0000001A                 EXPORT           ADC1_IRQHandler           [WEAK
]
  221 0000001A                 EXPORT           ADC2_IRQHandler           [WEAK
]
  222 0000001A                 EXPORT           MFT_FRT_IRQHandler        [WEAK
]
  223 0000001A                 EXPORT           MFT_IC_IRQHandler         [WEAK
]
  224 0000001A                 EXPORT           MFT_OC_IRQHandler         [WEAK
]
  225 0000001A                 EXPORT           BTIM_IRQHandler           [WEAK
]
  226 0000001A                 EXPORT           CAN0_IRQHandler           [WEAK
]
  227 0000001A                 EXPORT           CAN1_IRQHandler           [WEAK
]
  228 0000001A                 EXPORT           USB_EP1_EP5_IRQHandler    [WEAK
]
  229 0000001A                 EXPORT           USB_EP0_STA_IRQHandler    [WEAK
]
  230 0000001A                 EXPORT           DMA0_IRQHandler           [WEAK
]
  231 0000001A                 EXPORT           DMA1_IRQHandler           [WEAK
]
  232 0000001A                 EXPORT           DMA2_IRQHandler           [WEAK
]
  233 0000001A                 EXPORT           DMA3_IRQHandler           [WEAK



ARM Macro Assembler    Page 8 


]
  234 0000001A                 EXPORT           DMA4_IRQHandler           [WEAK
]
  235 0000001A                 EXPORT           DMA5_IRQHandler           [WEAK
]
  236 0000001A                 EXPORT           DMA6_IRQHandler           [WEAK
]
  237 0000001A                 EXPORT           DMA7_IRQHandler           [WEAK
]
  238 0000001A         
  239 0000001A         FCS_IRQHandler
  240 0000001A         SWWDT_IRQHandler
  241 0000001A         LVD_IRQHandler
  242 0000001A         MFT_WFG_IRQHandler
  243 0000001A         EXTI7_0_IRQHandler
  244 0000001A         EXTI15_8_IRQHandler
  245 0000001A         TIM_QPRC_IRQHandler
  246 0000001A         MFS0_R_IRQHandler
  247 0000001A         MFS0_TS_IRQHandler
  248 0000001A         MFS1_R_IRQHandler
  249 0000001A         MFS1_TS_IRQHandler
  250 0000001A         FMS2_R_IRQHandler
  251 0000001A         MFS2_TS_IRQHandler
  252 0000001A         MFS3_R_IRQHandler
  253 0000001A         MFS3_TS_IRQHandler
  254 0000001A         MFS4_R_IRQHandler
  255 0000001A         MFS4_TS_IRQHandler
  256 0000001A         MFS5_R_IRQHandler
  257 0000001A         MFS5_TS_IRQHandler
  258 0000001A         MFS6_R_IRQHandler
  259 0000001A         MFS6_TS_IRQHandler
  260 0000001A         MFS7_R_IRQHandler
  261 0000001A         MFS7_TS_IRQHandler
  262 0000001A         PPG_IRQHandler
  263 0000001A         OSC_PLL_WCNT_IRQHandler
  264 0000001A         ADC0_IRQHandler
  265 0000001A         ADC1_IRQHandler
  266 0000001A         ADC2_IRQHandler
  267 0000001A         MFT_FRT_IRQHandler
  268 0000001A         MFT_IC_IRQHandler
  269 0000001A         MFT_OC_IRQHandler
  270 0000001A         BTIM_IRQHandler
  271 0000001A         CAN0_IRQHandler
  272 0000001A         CAN1_IRQHandler
  273 0000001A         USB_EP1_EP5_IRQHandler
  274 0000001A         USB_EP0_STA_IRQHandler
  275 0000001A         DMA0_IRQHandler
  276 0000001A         DMA1_IRQHandler
  277 0000001A         DMA2_IRQHandler
  278 0000001A         DMA3_IRQHandler
  279 0000001A         DMA4_IRQHandler
  280 0000001A         DMA5_IRQHandler
  281 0000001A         DMA6_IRQHandler
  282 0000001A         DMA7_IRQHandler
  283 0000001A         
  284 0000001A E7FE            B                .
  285 0000001C         
  286 0000001C                 ENDP
  287 0000001C         



ARM Macro Assembler    Page 9 


  288 0000001C         
  289 0000001C                 ALIGN
  290 0000001C         
  291 0000001C         
  292 0000001C         ; User Initial Stack & Heap
  293 0000001C         
  294 0000001C                 IF               :DEF:__MICROLIB
  295 0000001C         
  296 0000001C                 EXPORT           __initial_sp
  297 0000001C                 EXPORT           __heap_base
  298 0000001C                 EXPORT           __heap_limit
  299 0000001C         
  300 0000001C                 ELSE
  314                          ENDIF
  315 0000001C         
  316 0000001C         
  317 0000001C                 END
              00000000 
              00000000 
Command Line: --debug --xref --diag_suppress=9931 --cpu=Cortex-M3 --apcs=interw
ork --depend=.\flash\startup_mb9bf50x.d -o.\flash\startup_mb9bf50x.o -IC:\Keil_
v5\ARM\RV31\INC -IC:\Keil_v5\ARM\CMSIS\Include -IC:\Keil_v5\ARM\INC\Fujitsu\MB9
BF50x --predefine="__EVAL SETA 1" --predefine="__MICROLIB SETA 1" --predefine="
__UVISION_VERSION SETA 530" --list=.\flash\startup_mb9bf50x.lst startup_MB9BF50
x.s



ARM Macro Assembler    Page 1 Alphabetic symbol ordering
Relocatable symbols

STACK 00000000

Symbol: STACK
   Definitions
      At line 33 in file startup_MB9BF50x.s
   Uses
      None
Comment: STACK unused
Stack_Mem 00000000

Symbol: Stack_Mem
   Definitions
      At line 34 in file startup_MB9BF50x.s
   Uses
      None
Comment: Stack_Mem unused
__initial_sp 00000400

Symbol: __initial_sp
   Definitions
      At line 35 in file startup_MB9BF50x.s
   Uses
      At line 59 in file startup_MB9BF50x.s
      At line 296 in file startup_MB9BF50x.s

3 symbols



ARM Macro Assembler    Page 1 Alphabetic symbol ordering
Relocatable symbols

HEAP 00000000

Symbol: HEAP
   Definitions
      At line 44 in file startup_MB9BF50x.s
   Uses
      None
Comment: HEAP unused
Heap_Mem 00000000

Symbol: Heap_Mem
   Definitions
      At line 46 in file startup_MB9BF50x.s
   Uses
      None
Comment: Heap_Mem unused
__heap_base 00000000

Symbol: __heap_base
   Definitions
      At line 45 in file startup_MB9BF50x.s
   Uses
      At line 297 in file startup_MB9BF50x.s
Comment: __heap_base used once
__heap_limit 00000200

Symbol: __heap_limit
   Definitions
      At line 47 in file startup_MB9BF50x.s
   Uses
      At line 298 in file startup_MB9BF50x.s
Comment: __heap_limit used once
4 symbols



ARM Macro Assembler    Page 1 Alphabetic symbol ordering
Relocatable symbols

RESET 00000000

Symbol: RESET
   Definitions
      At line 56 in file startup_MB9BF50x.s
   Uses
      None
Comment: RESET unused
__Vectors 00000000

Symbol: __Vectors
   Definitions
      At line 59 in file startup_MB9BF50x.s
   Uses
      At line 57 in file startup_MB9BF50x.s
Comment: __Vectors used once
2 symbols



ARM Macro Assembler    Page 1 Alphabetic symbol ordering
Relocatable symbols

.text 00000000

Symbol: .text
   Definitions
      At line 132 in file startup_MB9BF50x.s
   Uses
      None
Comment: .text unused
ADC0_IRQHandler 0000001A

Symbol: ADC0_IRQHandler
   Definitions
      At line 264 in file startup_MB9BF50x.s
   Uses
      At line 108 in file startup_MB9BF50x.s
      At line 219 in file startup_MB9BF50x.s

ADC1_IRQHandler 0000001A

Symbol: ADC1_IRQHandler
   Definitions
      At line 265 in file startup_MB9BF50x.s
   Uses
      At line 109 in file startup_MB9BF50x.s
      At line 220 in file startup_MB9BF50x.s

ADC2_IRQHandler 0000001A

Symbol: ADC2_IRQHandler
   Definitions
      At line 266 in file startup_MB9BF50x.s
   Uses
      At line 110 in file startup_MB9BF50x.s
      At line 221 in file startup_MB9BF50x.s

BTIM_IRQHandler 0000001A

Symbol: BTIM_IRQHandler
   Definitions
      At line 270 in file startup_MB9BF50x.s
   Uses
      At line 114 in file startup_MB9BF50x.s
      At line 225 in file startup_MB9BF50x.s

BusFault_Handler 0000000E

Symbol: BusFault_Handler
   Definitions
      At line 165 in file startup_MB9BF50x.s
   Uses
      At line 64 in file startup_MB9BF50x.s
      At line 166 in file startup_MB9BF50x.s

CAN0_IRQHandler 0000001A

Symbol: CAN0_IRQHandler
   Definitions
      At line 271 in file startup_MB9BF50x.s
   Uses



ARM Macro Assembler    Page 2 Alphabetic symbol ordering
Relocatable symbols

      At line 115 in file startup_MB9BF50x.s
      At line 226 in file startup_MB9BF50x.s

CAN1_IRQHandler 0000001A

Symbol: CAN1_IRQHandler
   Definitions
      At line 272 in file startup_MB9BF50x.s
   Uses
      At line 116 in file startup_MB9BF50x.s
      At line 227 in file startup_MB9BF50x.s

DMA0_IRQHandler 0000001A

Symbol: DMA0_IRQHandler
   Definitions
      At line 275 in file startup_MB9BF50x.s
   Uses
      At line 121 in file startup_MB9BF50x.s
      At line 230 in file startup_MB9BF50x.s

DMA1_IRQHandler 0000001A

Symbol: DMA1_IRQHandler
   Definitions
      At line 276 in file startup_MB9BF50x.s
   Uses
      At line 122 in file startup_MB9BF50x.s
      At line 231 in file startup_MB9BF50x.s

DMA2_IRQHandler 0000001A

Symbol: DMA2_IRQHandler
   Definitions
      At line 277 in file startup_MB9BF50x.s
   Uses
      At line 123 in file startup_MB9BF50x.s
      At line 232 in file startup_MB9BF50x.s

DMA3_IRQHandler 0000001A

Symbol: DMA3_IRQHandler
   Definitions
      At line 278 in file startup_MB9BF50x.s
   Uses
      At line 124 in file startup_MB9BF50x.s
      At line 233 in file startup_MB9BF50x.s

DMA4_IRQHandler 0000001A

Symbol: DMA4_IRQHandler
   Definitions
      At line 279 in file startup_MB9BF50x.s
   Uses
      At line 125 in file startup_MB9BF50x.s
      At line 234 in file startup_MB9BF50x.s

DMA5_IRQHandler 0000001A




ARM Macro Assembler    Page 3 Alphabetic symbol ordering
Relocatable symbols

Symbol: DMA5_IRQHandler
   Definitions
      At line 280 in file startup_MB9BF50x.s
   Uses
      At line 126 in file startup_MB9BF50x.s
      At line 235 in file startup_MB9BF50x.s

DMA6_IRQHandler 0000001A

Symbol: DMA6_IRQHandler
   Definitions
      At line 281 in file startup_MB9BF50x.s
   Uses
      At line 127 in file startup_MB9BF50x.s
      At line 236 in file startup_MB9BF50x.s

DMA7_IRQHandler 0000001A

Symbol: DMA7_IRQHandler
   Definitions
      At line 282 in file startup_MB9BF50x.s
   Uses
      At line 128 in file startup_MB9BF50x.s
      At line 237 in file startup_MB9BF50x.s

DebugMon_Handler 00000014

Symbol: DebugMon_Handler
   Definitions
      At line 179 in file startup_MB9BF50x.s
   Uses
      At line 71 in file startup_MB9BF50x.s
      At line 180 in file startup_MB9BF50x.s

Default_Handler 0000001A

Symbol: Default_Handler
   Definitions
      At line 192 in file startup_MB9BF50x.s
   Uses
      None
Comment: Default_Handler unused
EXTI15_8_IRQHandler 0000001A

Symbol: EXTI15_8_IRQHandler
   Definitions
      At line 244 in file startup_MB9BF50x.s
   Uses
      At line 86 in file startup_MB9BF50x.s
      At line 199 in file startup_MB9BF50x.s

EXTI7_0_IRQHandler 0000001A

Symbol: EXTI7_0_IRQHandler
   Definitions
      At line 243 in file startup_MB9BF50x.s
   Uses
      At line 85 in file startup_MB9BF50x.s
      At line 198 in file startup_MB9BF50x.s



ARM Macro Assembler    Page 4 Alphabetic symbol ordering
Relocatable symbols


FCS_IRQHandler 0000001A

Symbol: FCS_IRQHandler
   Definitions
      At line 239 in file startup_MB9BF50x.s
   Uses
      At line 81 in file startup_MB9BF50x.s
      At line 194 in file startup_MB9BF50x.s

FMS2_R_IRQHandler 0000001A

Symbol: FMS2_R_IRQHandler
   Definitions
      At line 250 in file startup_MB9BF50x.s
   Uses
      At line 94 in file startup_MB9BF50x.s
      At line 205 in file startup_MB9BF50x.s

HardFault_Handler 0000000A

Symbol: HardFault_Handler
   Definitions
      At line 155 in file startup_MB9BF50x.s
   Uses
      At line 62 in file startup_MB9BF50x.s
      At line 156 in file startup_MB9BF50x.s

LVD_IRQHandler 0000001A

Symbol: LVD_IRQHandler
   Definitions
      At line 241 in file startup_MB9BF50x.s
   Uses
      At line 83 in file startup_MB9BF50x.s
      At line 196 in file startup_MB9BF50x.s

MFS0_R_IRQHandler 0000001A

Symbol: MFS0_R_IRQHandler
   Definitions
      At line 246 in file startup_MB9BF50x.s
   Uses
      At line 90 in file startup_MB9BF50x.s
      At line 201 in file startup_MB9BF50x.s

MFS0_TS_IRQHandler 0000001A

Symbol: MFS0_TS_IRQHandler
   Definitions
      At line 247 in file startup_MB9BF50x.s
   Uses
      At line 91 in file startup_MB9BF50x.s
      At line 202 in file startup_MB9BF50x.s

MFS1_R_IRQHandler 0000001A

Symbol: MFS1_R_IRQHandler
   Definitions



ARM Macro Assembler    Page 5 Alphabetic symbol ordering
Relocatable symbols

      At line 248 in file startup_MB9BF50x.s
   Uses
      At line 92 in file startup_MB9BF50x.s
      At line 203 in file startup_MB9BF50x.s

MFS1_TS_IRQHandler 0000001A

Symbol: MFS1_TS_IRQHandler
   Definitions
      At line 249 in file startup_MB9BF50x.s
   Uses
      At line 93 in file startup_MB9BF50x.s
      At line 204 in file startup_MB9BF50x.s

MFS2_TS_IRQHandler 0000001A

Symbol: MFS2_TS_IRQHandler
   Definitions
      At line 251 in file startup_MB9BF50x.s
   Uses
      At line 95 in file startup_MB9BF50x.s
      At line 206 in file startup_MB9BF50x.s

MFS3_R_IRQHandler 0000001A

Symbol: MFS3_R_IRQHandler
   Definitions
      At line 252 in file startup_MB9BF50x.s
   Uses
      At line 96 in file startup_MB9BF50x.s
      At line 207 in file startup_MB9BF50x.s

MFS3_TS_IRQHandler 0000001A

Symbol: MFS3_TS_IRQHandler
   Definitions
      At line 253 in file startup_MB9BF50x.s
   Uses
      At line 97 in file startup_MB9BF50x.s
      At line 208 in file startup_MB9BF50x.s

MFS4_R_IRQHandler 0000001A

Symbol: MFS4_R_IRQHandler
   Definitions
      At line 254 in file startup_MB9BF50x.s
   Uses
      At line 98 in file startup_MB9BF50x.s
      At line 209 in file startup_MB9BF50x.s

MFS4_TS_IRQHandler 0000001A

Symbol: MFS4_TS_IRQHandler
   Definitions
      At line 255 in file startup_MB9BF50x.s
   Uses
      At line 99 in file startup_MB9BF50x.s
      At line 210 in file startup_MB9BF50x.s




ARM Macro Assembler    Page 6 Alphabetic symbol ordering
Relocatable symbols

MFS5_R_IRQHandler 0000001A

Symbol: MFS5_R_IRQHandler
   Definitions
      At line 256 in file startup_MB9BF50x.s
   Uses
      At line 100 in file startup_MB9BF50x.s
      At line 211 in file startup_MB9BF50x.s

MFS5_TS_IRQHandler 0000001A

Symbol: MFS5_TS_IRQHandler
   Definitions
      At line 257 in file startup_MB9BF50x.s
   Uses
      At line 101 in file startup_MB9BF50x.s
      At line 212 in file startup_MB9BF50x.s

MFS6_R_IRQHandler 0000001A

Symbol: MFS6_R_IRQHandler
   Definitions
      At line 258 in file startup_MB9BF50x.s
   Uses
      At line 102 in file startup_MB9BF50x.s
      At line 213 in file startup_MB9BF50x.s

MFS6_TS_IRQHandler 0000001A

Symbol: MFS6_TS_IRQHandler
   Definitions
      At line 259 in file startup_MB9BF50x.s
   Uses
      At line 103 in file startup_MB9BF50x.s
      At line 214 in file startup_MB9BF50x.s

MFS7_R_IRQHandler 0000001A

Symbol: MFS7_R_IRQHandler
   Definitions
      At line 260 in file startup_MB9BF50x.s
   Uses
      At line 104 in file startup_MB9BF50x.s
      At line 215 in file startup_MB9BF50x.s

MFS7_TS_IRQHandler 0000001A

Symbol: MFS7_TS_IRQHandler
   Definitions
      At line 261 in file startup_MB9BF50x.s
   Uses
      At line 105 in file startup_MB9BF50x.s
      At line 216 in file startup_MB9BF50x.s

MFT_FRT_IRQHandler 0000001A

Symbol: MFT_FRT_IRQHandler
   Definitions
      At line 267 in file startup_MB9BF50x.s



ARM Macro Assembler    Page 7 Alphabetic symbol ordering
Relocatable symbols

   Uses
      At line 111 in file startup_MB9BF50x.s
      At line 222 in file startup_MB9BF50x.s

MFT_IC_IRQHandler 0000001A

Symbol: MFT_IC_IRQHandler
   Definitions
      At line 268 in file startup_MB9BF50x.s
   Uses
      At line 112 in file startup_MB9BF50x.s
      At line 223 in file startup_MB9BF50x.s

MFT_OC_IRQHandler 0000001A

Symbol: MFT_OC_IRQHandler
   Definitions
      At line 269 in file startup_MB9BF50x.s
   Uses
      At line 113 in file startup_MB9BF50x.s
      At line 224 in file startup_MB9BF50x.s

MFT_WFG_IRQHandler 0000001A

Symbol: MFT_WFG_IRQHandler
   Definitions
      At line 242 in file startup_MB9BF50x.s
   Uses
      At line 84 in file startup_MB9BF50x.s
      At line 197 in file startup_MB9BF50x.s

MemManage_Handler 0000000C

Symbol: MemManage_Handler
   Definitions
      At line 160 in file startup_MB9BF50x.s
   Uses
      At line 63 in file startup_MB9BF50x.s
      At line 161 in file startup_MB9BF50x.s

NMI_Handler 00000008

Symbol: NMI_Handler
   Definitions
      At line 150 in file startup_MB9BF50x.s
   Uses
      At line 61 in file startup_MB9BF50x.s
      At line 151 in file startup_MB9BF50x.s

OSC_PLL_WCNT_IRQHandler 0000001A

Symbol: OSC_PLL_WCNT_IRQHandler
   Definitions
      At line 263 in file startup_MB9BF50x.s
   Uses
      At line 107 in file startup_MB9BF50x.s
      At line 218 in file startup_MB9BF50x.s

PPG_IRQHandler 0000001A



ARM Macro Assembler    Page 8 Alphabetic symbol ordering
Relocatable symbols


Symbol: PPG_IRQHandler
   Definitions
      At line 262 in file startup_MB9BF50x.s
   Uses
      At line 106 in file startup_MB9BF50x.s
      At line 217 in file startup_MB9BF50x.s

PendSV_Handler 00000016

Symbol: PendSV_Handler
   Definitions
      At line 183 in file startup_MB9BF50x.s
   Uses
      At line 184 in file startup_MB9BF50x.s
Comment: PendSV_Handler used once
Reset_Handler 00000000

Symbol: Reset_Handler
   Definitions
      At line 137 in file startup_MB9BF50x.s
   Uses
      At line 60 in file startup_MB9BF50x.s
      At line 138 in file startup_MB9BF50x.s

SVC_Handler 00000012

Symbol: SVC_Handler
   Definitions
      At line 174 in file startup_MB9BF50x.s
   Uses
      At line 70 in file startup_MB9BF50x.s
      At line 175 in file startup_MB9BF50x.s

SWWDT_IRQHandler 0000001A

Symbol: SWWDT_IRQHandler
   Definitions
      At line 240 in file startup_MB9BF50x.s
   Uses
      At line 82 in file startup_MB9BF50x.s
      At line 195 in file startup_MB9BF50x.s

SysTick_Handler 00000018

Symbol: SysTick_Handler
   Definitions
      At line 187 in file startup_MB9BF50x.s
   Uses
      At line 188 in file startup_MB9BF50x.s
Comment: SysTick_Handler used once
TIM_QPRC_IRQHandler 0000001A

Symbol: TIM_QPRC_IRQHandler
   Definitions
      At line 245 in file startup_MB9BF50x.s
   Uses
      At line 200 in file startup_MB9BF50x.s
Comment: TIM_QPRC_IRQHandler used once



ARM Macro Assembler    Page 9 Alphabetic symbol ordering
Relocatable symbols

USB_EP0_STA_IRQHandler 0000001A

Symbol: USB_EP0_STA_IRQHandler
   Definitions
      At line 274 in file startup_MB9BF50x.s
   Uses
      At line 118 in file startup_MB9BF50x.s
      At line 229 in file startup_MB9BF50x.s

USB_EP1_EP5_IRQHandler 0000001A

Symbol: USB_EP1_EP5_IRQHandler
   Definitions
      At line 273 in file startup_MB9BF50x.s
   Uses
      At line 117 in file startup_MB9BF50x.s
      At line 228 in file startup_MB9BF50x.s

UsageFault_Handler 00000010

Symbol: UsageFault_Handler
   Definitions
      At line 170 in file startup_MB9BF50x.s
   Uses
      At line 65 in file startup_MB9BF50x.s
      At line 171 in file startup_MB9BF50x.s

56 symbols



ARM Macro Assembler    Page 1 Alphabetic symbol ordering
Absolute symbols

Heap_Size 00000200

Symbol: Heap_Size
   Definitions
      At line 42 in file startup_MB9BF50x.s
   Uses
      At line 46 in file startup_MB9BF50x.s
Comment: Heap_Size used once
Stack_Size 00000400

Symbol: Stack_Size
   Definitions
      At line 31 in file startup_MB9BF50x.s
   Uses
      At line 34 in file startup_MB9BF50x.s
Comment: Stack_Size used once
2 symbols



ARM Macro Assembler    Page 1 Alphabetic symbol ordering
External symbols

DT_QDU_IRQHandler 00000000

Symbol: DT_QDU_IRQHandler
   Definitions
      At line 88 in file startup_MB9BF50x.s
   Uses
      At line 89 in file startup_MB9BF50x.s
Comment: DT_QDU_IRQHandler used once
OS_CPU_PendSVHandler 00000000

Symbol: OS_CPU_PendSVHandler
   Definitions
      At line 74 in file startup_MB9BF50x.s
   Uses
      At line 75 in file startup_MB9BF50x.s
Comment: OS_CPU_PendSVHandler used once
OS_CPU_SysTickHandler 00000000

Symbol: OS_CPU_SysTickHandler
   Definitions
      At line 77 in file startup_MB9BF50x.s
   Uses
      At line 78 in file startup_MB9BF50x.s
Comment: OS_CPU_SysTickHandler used once
SystemInit 00000000

Symbol: SystemInit
   Definitions
      At line 139 in file startup_MB9BF50x.s
   Uses
      At line 141 in file startup_MB9BF50x.s
Comment: SystemInit used once
__main 00000000

Symbol: __main
   Definitions
      At line 140 in file startup_MB9BF50x.s
   Uses
      At line 143 in file startup_MB9BF50x.s
Comment: __main used once
5 symbols
407 symbols in table
